2023-09-16 11:36:38,861.v3_listening_workers.INFO ==================================================
2023-09-16 11:36:38,861.v3_listening_workers.INFO Today is 2023-09-16 at 11:36 AM
2023-09-16 11:36:38,862.v3_listening_workers.INFO Running on: nt Windows 10
2023-09-16 11:36:38,862.v3_listening_workers.INFO Python version:  3.11.3
2023-09-16 11:36:38,862.v3_listening_workers.INFO Python path: C:\Users\wadej\OneDrive\Documents\streaming-04-multiple-consumers\.venv
2023-09-16 11:36:38,863.v3_listening_workers.INFO Working dir: C:\Users\wadej\OneDrive\Documents\streaming-04-multiple-consumers
2023-09-16 11:36:38,863.v3_listening_workers.INFO ==================================================
2023-09-16 11:36:38,880.v3_listening_workers.INFO  [*] Ready for work. To exit press CTRL+C
2023-09-16 11:36:58,242.v3_listening_workers.INFO  [x] Received ['First task....']
2023-09-16 11:37:02,243.v3_listening_workers.INFO  [x] Done.
2023-09-16 11:37:04,244.v3_listening_workers.INFO  [x] Received ['Third task....']
2023-09-16 11:37:08,246.v3_listening_workers.INFO  [x] Done.
2023-09-16 11:37:10,247.v3_listening_workers.INFO  [x] Received ['Fifth task...']
2023-09-16 11:37:13,247.v3_listening_workers.INFO  [x] Done.
2023-09-16 11:37:16,248.v3_listening_workers.INFO  [x] Received ['Seventh task.....']
2023-09-16 11:37:21,250.v3_listening_workers.INFO  [x] Done.
2023-09-16 11:37:22,252.v3_listening_workers.INFO  [x] Received ['Ninth task ..']
2023-09-16 11:37:24,254.v3_listening_workers.INFO  [x] Done.
2023-09-16 11:37:25,254.v3_listening_workers.INFO  [x] Received ['Tenth task ....']
2023-09-16 11:37:29,255.v3_listening_workers.INFO  [x] Done.
2023-09-16 11:37:31,256.v3_listening_workers.INFO  [x] Received ['Twelfth task .....']
2023-09-16 11:37:36,258.v3_listening_workers.INFO  [x] Done.
2023-09-16 11:38:23,932.v3_listening_workers.INFO  User interrupted continuous listening process.
